<?xml version="1.0" encoding="UTF-8"?>
<!-- Generated by org.testng.reporters.JUnitReportReporter -->
<testsuite hostname="DESKTOP-B7HLGJK" name="CucumberFramework.runner.MainRunner" tests="2" failures="0" timestamp="3 Mar 2020 19:42:11 GMT" time="32.617" errors="0">
  <testcase name="feature" time="17.238" classname="CucumberFramework.runner.MainRunner"/>
  <testcase name="feature" time="15.379" classname="CucumberFramework.runner.MainRunner"/>
</testsuite> <!-- CucumberFramework.runner.MainRunner -->
